Flutter crash report.
Please report a bug at https://github.com/flutter/flutter/issues.

## command

flutter run --machine --dart-define=flutter.inspector.structuredErrors=false -d windows --target D:\api\signGO-Project\testcamera\lib\main.dart

## exception

PathNotFoundException: PathNotFoundException: Cannot open file, path = 'D:\flutter\version' (OS Error: The system cannot find the file specified.
, errno = 2)

```
#0      _File.throwIfError (dart:io/file_impl.dart:675:7)
#1      _File.openSync (dart:io/file_impl.dart:490:5)
#2      _File.readAsBytesSync (dart:io/file_impl.dart:574:18)
#3      _File.readAsStringSync (dart:io/file_impl.dart:624:18)
#4      ForwardingFile.readAsStringSync (package:file/src/forwarding/forwarding_file.dart:99:16)
#5      ErrorHandlingFile.readAsStringSync.<anonymous closure> (package:flutter_tools/src/base/error_handling_io.dart:218:22)
#6      _runSync (package:flutter_tools/src/base/error_handling_io.dart:590:14)
#7      ErrorHandlingFile.readAsStringSync (package:flutter_tools/src/base/error_handling_io.dart:217:12)
#8      _DefaultPub.get (package:flutter_tools/src/dart/pub.dart:302:58)
#9      FlutterCommand.verifyThenRunCommand (package:flutter_tools/src/runner/flutter_command.dart:1504:17)
<asynchronous suspension>
#10     FlutterCommand.run.<anonymous closure> (package:flutter_tools/src/runner/flutter_command.dart:1297:27)
<asynchronous suspension>
#11     AppContext.run.<anonymous closure> (package:flutter_tools/src/base/context.dart:150:19)
<asynchronous suspension>
#12     CommandRunner.runCommand (package:args/command_runner.dart:212:13)
<asynchronous suspension>
#13     FlutterCommandRunner.runCommand.<anonymous closure> (package:flutter_tools/src/runner/flutter_command_runner.dart:339:9)
<asynchronous suspension>
#14     AppContext.run.<anonymous closure> (package:flutter_tools/src/base/context.dart:150:19)
<asynchronous suspension>
#15     FlutterCommandRunner.runCommand (package:flutter_tools/src/runner/flutter_command_runner.dart:285:5)
<asynchronous suspension>
#16     run.<anonymous closure>.<anonymous closure> (package:flutter_tools/runner.dart:115:9)
<asynchronous suspension>
#17     AppContext.run.<anonymous closure> (package:flutter_tools/src/base/context.dart:150:19)
<asynchronous suspension>
#18     main (package:flutter_tools/executable.dart:91:3)
<asynchronous suspension>
```

## flutter doctor

```
[✓] Flutter (Channel master, 3.12.0-4.0.pre.123, on Microsoft Windows [Version 10.0.19045.3086], locale en-US)
    • Flutter version 3.12.0-4.0.pre.123 on channel master at D:\flutter
    • Upstream repository https://github.com/flutter/flutter.git
    • Framework revision b2c993cad3 (21 minutes ago), 2023-06-20 05:03:21 -0400
    • Engine revision 6a6c8fb591
    • Dart version 3.1.0 (build 3.1.0-230.0.dev)
    • DevTools version 2.24.0

[✓] Windows Version (Installed version of Windows is version 10 or higher)

[✓] Android toolchain - develop for Android devices (Android SDK version 33.0.2)
    • Android SDK at C:\Users\abidi\AppData\Local\Android\sdk
    • Platform android-33-ext5, build-tools 33.0.2
    • Java binary at: D:\Android\jbr\bin\java
    • Java version OpenJDK Runtime Environment (build 11.0.15+0-b2043.56-9505619)
    • All Android licenses accepted.

[✓] Chrome - develop for the web
    • Chrome at C:\Program Files\Google\Chrome\Application\chrome.exe

[✗] Visual Studio - develop Windows apps
    ✗ Visual Studio not installed; this is necessary to develop Windows apps.
      Download at https://visualstudio.microsoft.com/downloads/.
      Please install the "Desktop development with C++" workload, including all of its default components

[✓] Android Studio (version 2022.1)
    • Android Studio at D:\Android
    • Flutter plugin can be installed from:
      🔨 https://plugins.jetbrains.com/plugin/9212-flutter
    • Dart plugin can be installed from:
      🔨 https://plugins.jetbrains.com/plugin/6351-dart
    • Java version OpenJDK Runtime Environment (build 11.0.15+0-b2043.56-9505619)

[✓] Connected device (4 available)
    • M2101K7AG (mobile) • ca299f96 • android-arm64  • Android 12 (API 31)
    • Windows (desktop)  • windows  • windows-x64    • Microsoft Windows [Version 10.0.19045.3086]
    • Chrome (web)       • chrome   • web-javascript • Google Chrome 114.0.5735.134
    • Edge (web)         • edge     • web-javascript • Microsoft Edge 114.0.1823.43

[✓] Network resources
    • All expected network resources are available.

! Doctor found issues in 1 category.
```
